<?xml version="1.0" encoding="UTF-8"?>
<robot generator="Robot 6.1 (Python 3.11.5 on win32)" generated="20241010 22:00:34.091" rpa="false" schemaversion="4">
<suite id="s1" name="Crm" source="C:\development\robot-scripts\crm\test\crm.robot">
<test id="s1-t1" name="Shoud be able to add new customer" line="10">
<kw name="Log" library="BuiltIn">
<arg>Starting the test case!</arg>
<doc>Logs the given message with the given level.</doc>
<msg timestamp="20241010 22:00:34.377" level="INFO">Starting the test case!</msg>
<status status="PASS" starttime="20241010 22:00:34.377" endtime="20241010 22:00:34.378"/>
</kw>
<kw name="Open Browser" library="SeleniumLibrary">
<arg>https://automationplayground.com/crm/</arg>
<arg>chrome</arg>
<doc>Opens a new browser instance to the optional ``url``.</doc>
<msg timestamp="20241010 22:00:34.379" level="INFO">Opening browser 'chrome' to base url 'https://automationplayground.com/crm/'.</msg>
<status status="PASS" starttime="20241010 22:00:34.378" endtime="20241010 22:00:37.229"/>
</kw>
<kw name="Sleep" library="BuiltIn">
<arg>3</arg>
<doc>Pauses the test executed for the given time.</doc>
<msg timestamp="20241010 22:00:40.234" level="INFO">Slept 3 seconds</msg>
<status status="PASS" starttime="20241010 22:00:37.234" endtime="20241010 22:00:40.234"/>
</kw>
<kw name="Close Browser" library="SeleniumLibrary">
<doc>Closes the current browser.</doc>
<status status="PASS" starttime="20241010 22:00:40.235" endtime="20241010 22:00:42.766"/>
</kw>
<doc>This is some basic info about the test</doc>
<tag>1006</tag>
<tag>Contacts</tag>
<tag>Smoke</tag>
<status status="PASS" starttime="20241010 22:00:34.376" endtime="20241010 22:00:42.767"/>
</test>
<doc>This is some basic ino about the whole suits</doc>
<status status="PASS" starttime="20241010 22:00:34.094" endtime="20241010 22:00:42.769"/>
</suite>
<statistics>
<total>
<stat pass="1" fail="0" skip="0">All Tests</stat>
</total>
<tag>
<stat pass="1" fail="0" skip="0">1006</stat>
<stat pass="1" fail="0" skip="0">Contacts</stat>
<stat pass="1" fail="0" skip="0">Smoke</stat>
</tag>
<suite>
<stat pass="1" fail="0" skip="0" id="s1" name="Crm">Crm</stat>
</suite>
</statistics>
<errors>
</errors>
</robot>
