<?xml version="1.0" encoding="UTF-8"?>
<robot generator="Robot 6.1 (Python 3.11.5 on win32)" generated="20241012 17:05:58.616" rpa="false" schemaversion="4">
<suite id="s1" name="Demo" source="C:\development\robot-scripts\crm\test\demo.robot">
<test id="s1-t1" name="Test Case 1" line="6">
<kw name="Do Something">
<kw name="Log" library="BuiltIn">
<arg>I am doing something</arg>
<doc>Logs the given message with the given level.</doc>
<msg timestamp="20241012 17:05:58.897" level="INFO">I am doing something</msg>
<status status="PASS" starttime="20241012 17:05:58.897" endtime="20241012 17:05:58.897"/>
</kw>
<status status="PASS" starttime="20241012 17:05:58.896" endtime="20241012 17:05:58.897"/>
</kw>
<kw name="Do Something Else">
<kw name="Log" library="BuiltIn">
<arg>I am doing something</arg>
<doc>Logs the given message with the given level.</doc>
<msg timestamp="20241012 17:05:58.898" level="INFO">I am doing something</msg>
<status status="PASS" starttime="20241012 17:05:58.897" endtime="20241012 17:05:58.898"/>
</kw>
<status status="PASS" starttime="20241012 17:05:58.897" endtime="20241012 17:05:58.898"/>
</kw>
<status status="PASS" starttime="20241012 17:05:58.896" endtime="20241012 17:05:58.898"/>
</test>
<test id="s1-t2" name="Test CAse 2" line="9">
<kw name="Do Another Thing">
<kw name="Log" library="BuiltIn">
<arg>I am doing another thing</arg>
<doc>Logs the given message with the given level.</doc>
<msg timestamp="20241012 17:05:58.900" level="INFO">I am doing another thing</msg>
<status status="PASS" starttime="20241012 17:05:58.900" endtime="20241012 17:05:58.901"/>
</kw>
<status status="PASS" starttime="20241012 17:05:58.900" endtime="20241012 17:05:58.901"/>
</kw>
<kw name="Do Something Else">
<kw name="Log" library="BuiltIn">
<arg>I am doing something</arg>
<doc>Logs the given message with the given level.</doc>
<msg timestamp="20241012 17:05:58.901" level="INFO">I am doing something</msg>
<status status="PASS" starttime="20241012 17:05:58.901" endtime="20241012 17:05:58.901"/>
</kw>
<status status="PASS" starttime="20241012 17:05:58.901" endtime="20241012 17:05:58.901"/>
</kw>
<status status="PASS" starttime="20241012 17:05:58.899" endtime="20241012 17:05:58.902"/>
</test>
<status status="PASS" starttime="20241012 17:05:58.617" endtime="20241012 17:05:58.904"/>
</suite>
<statistics>
<total>
<stat pass="2" fail="0" skip="0">All Tests</stat>
</total>
<tag>
</tag>
<suite>
<stat pass="2" fail="0" skip="0" id="s1" name="Demo">Demo</stat>
</suite>
</statistics>
<errors>
</errors>
</robot>
